Arguments: 
  /home/pi/.config/versions/node/v8.10.0/bin/node /home/pi/.config/versions/node/v8.10.0/bin/yarn add graph-yoga

PATH: 
  /home/pi/.config/versions/node/v8.10.0/bin:/usr/local/sbin:/usr/local/bin:/usr/sbin:/usr/bin:/sbin:/bin:/usr/local/games:/usr/games

Yarn version: 
  1.22.4

Node version: 
  8.10.0

Platform: 
  linux arm

Trace: 
  Error: https://registry.yarnpkg.com/graph-yoga: Not found
      at Request.params.callback [as _callback] (/home/pi/.config/versions/node/v8.10.0/lib/node_modules/yarn/lib/cli.js:66987:18)
      at Request.self.callback (/home/pi/.config/versions/node/v8.10.0/lib/node_modules/yarn/lib/cli.js:140748:22)
      at emitTwo (events.js:126:13)
      at Request.emit (events.js:214:7)
      at Request.<anonymous> (/home/pi/.config/versions/node/v8.10.0/lib/node_modules/yarn/lib/cli.js:141720:10)
      at emitOne (events.js:116:13)
      at Request.emit (events.js:211:7)
      at IncomingMessage.<anonymous> (/home/pi/.config/versions/node/v8.10.0/lib/node_modules/yarn/lib/cli.js:141642:12)
      at Object.onceWrapper (events.js:313:30)
      at emitNone (events.js:111:20)

npm manifest: 
  {
    "name": "graphql_server",
    "version": "1.0.0",
    "description": "Book DB api with GraphQL",
    "main": "index.js",
    "repository": "https://github.com/ssy02060/graphql_server",
    "license": "MIT"
  }

yarn manifest: 
  No manifest

Lockfile: 
  # THIS IS AN AUTOGENERATED FILE. DO NOT EDIT THIS FILE DIRECTLY.
  # yarn lockfile v1
